<?xml version="1.0" encoding="UTF-8"?>
<!-- Generated by org.testng.reporters.JUnitReportReporter -->
<testsuite hostname="LD-SARDHADUTTA" failures="0" tests="5" name="com.tutourialsninja.qa.testcases.LoginTest" time="136.770" errors="0" timestamp="2024-01-09T23:41:17 IST" skipped="0">
  <testcase classname="com.tutourialsninja.qa.testcases.LoginTest" name="verifyLoginWithValidCredential" time="23.527"/>
  <testcase classname="com.tutourialsninja.qa.testcases.LoginTest" name="verifyLoginWithinvalidCredential" time="24.211"/>
  <testcase classname="com.tutourialsninja.qa.testcases.LoginTest" name="verifyLoginWithInvalidEmailAndValidPassword" time="34.371"/>
  <testcase classname="com.tutourialsninja.qa.testcases.LoginTest" name="verifyLoginWithValidEmailAndInvalidPassword" time="30.833"/>
  <testcase classname="com.tutourialsninja.qa.testcases.LoginTest" name="verifyLoginWithoutProvidingCredential" time="23.828"/>
</testsuite> <!-- com.tutourialsninja.qa.testcases.LoginTest -->
