<?xml version="1.0" encoding="UTF-8"?>
<!-- Generated by org.testng.reporters.JUnitReportReporter -->
<testsuite hostname="LD-SARDHADUTTA" failures="0" tests="4" name="com.tutourialsninja.qa.testcases.RegisterTest" time="49.866" errors="0" timestamp="2023-12-07T17:07:27 IST" skipped="0">
  <testcase classname="com.tutourialsninja.qa.testcases.RegisterTest" name="verifyRegisteringAnAccountWithMandatoryFields" time="8.801"/>
  <testcase classname="com.tutourialsninja.qa.testcases.RegisterTest" name="verifyRegisteringAccountByProvidingAllFielids" time="9.136"/>
  <testcase classname="com.tutourialsninja.qa.testcases.RegisterTest" name="verifyRegisteringAccountWithExistingEmailAddress" time="8.504"/>
  <testcase classname="com.tutourialsninja.qa.testcases.RegisterTest" name="verifyRegisteringAccountWithoutFillingAnyDetails" time="23.425"/>
</testsuite> <!-- com.tutourialsninja.qa.testcases.RegisterTest -->
