<?xml version="1.0" encoding="UTF-8"?>
<!-- Generated by org.testng.reporters.JUnitReportReporter -->
<testsuite hostname="LD-SARDHADUTTA" failures="0" tests="3" name="com.tutourialsninja.qa.testcases.SearchTest" time="13.916" errors="0" timestamp="2023-12-07T17:07:27 IST" skipped="0">
  <testcase classname="com.tutourialsninja.qa.testcases.SearchTest" name="verifySearchWithValidProduct" time="4.221"/>
  <testcase classname="com.tutourialsninja.qa.testcases.SearchTest" name="verifySearchWithInvalidProduct" time="4.843"/>
  <testcase classname="com.tutourialsninja.qa.testcases.SearchTest" name="verifySearchWithoutAnyProduct" time="4.852"/>
</testsuite> <!-- com.tutourialsninja.qa.testcases.SearchTest -->
