<?xml version="1.0" encoding="UTF-8"?>
<!-- Generated by org.testng.reporters.JUnitReportReporter -->
<testsuite hostname="LD-SARDHADUTTA" failures="0" tests="4" name="com.tutourialsninja.qa.testcases.RegisterTest" time="54.086" errors="0" timestamp="2023-12-07T17:10:06 IST" skipped="0">
  <testcase classname="com.tutourialsninja.qa.testcases.RegisterTest" name="verifyRegisteringAnAccountWithMandatoryFields" time="10.380"/>
  <testcase classname="com.tutourialsninja.qa.testcases.RegisterTest" name="verifyRegisteringAccountByProvidingAllFielids" time="9.684"/>
  <testcase classname="com.tutourialsninja.qa.testcases.RegisterTest" name="verifyRegisteringAccountWithExistingEmailAddress" time="9.653"/>
  <testcase classname="com.tutourialsninja.qa.testcases.RegisterTest" name="verifyRegisteringAccountWithoutFillingAnyDetails" time="24.369"/>
</testsuite> <!-- com.tutourialsninja.qa.testcases.RegisterTest -->
