<?xml version="1.0" encoding="UTF-8"?>
<!-- Generated by org.testng.reporters.JUnitReportReporter -->
<testsuite hostname="LD-SARDHADUTTA" failures="0" tests="5" name="com.tutourialsninja.qa.testcases.LoginTest" time="44.509" errors="0" timestamp="2023-12-07T17:10:06 IST" skipped="0">
  <testcase classname="com.tutourialsninja.qa.testcases.LoginTest" name="verifyLoginWithValidCredential" time="10.031"/>
  <testcase classname="com.tutourialsninja.qa.testcases.LoginTest" name="verifyLoginWithinvalidCredential" time="8.501"/>
  <testcase classname="com.tutourialsninja.qa.testcases.LoginTest" name="verifyLoginWithInvalidEmailAndValidPassword" time="8.500"/>
  <testcase classname="com.tutourialsninja.qa.testcases.LoginTest" name="verifyLoginWithValidEmailAndInvalidPassword" time="8.390"/>
  <testcase classname="com.tutourialsninja.qa.testcases.LoginTest" name="verifyLoginWithoutProvidingCredential" time="9.087"/>
</testsuite> <!-- com.tutourialsninja.qa.testcases.LoginTest -->
