<?xml version="1.0" encoding="UTF-8"?>
<!-- Generated by org.testng.reporters.JUnitReportReporter -->
<testsuite hostname="LD-SARDHADUTTA" failures="0" tests="3" name="com.tutourialsninja.qa.testcases.SearchTest" time="17.343" errors="0" timestamp="2023-12-07T17:10:06 IST" skipped="0">
  <testcase classname="com.tutourialsninja.qa.testcases.SearchTest" name="verifySearchWithValidProduct" time="5.496"/>
  <testcase classname="com.tutourialsninja.qa.testcases.SearchTest" name="verifySearchWithInvalidProduct" time="5.743"/>
  <testcase classname="com.tutourialsninja.qa.testcases.SearchTest" name="verifySearchWithoutAnyProduct" time="6.104"/>
</testsuite> <!-- com.tutourialsninja.qa.testcases.SearchTest -->
